0 info it worked if it ends with ok
1 verbose cli [ '/usr/local/bin/node',
1 verbose cli   '/usr/local/bin/npm',
1 verbose cli   'install',
1 verbose cli   'paper-dropdown-menu' ]
2 info using npm@4.1.2
3 info using node@v7.5.0
4 silly loadCurrentTree Starting
5 silly install loadCurrentTree
6 silly install readLocalPackageData
7 silly fetchPackageMetaData paper-dropdown-menu
8 silly fetchNamedPackageData paper-dropdown-menu
9 silly mapToRegistry name paper-dropdown-menu
10 silly mapToRegistry using default registry
11 silly mapToRegistry registry https://registry.npmjs.org/
12 silly mapToRegistry data Result {
12 silly mapToRegistry   raw: 'paper-dropdown-menu',
12 silly mapToRegistry   scope: null,
12 silly mapToRegistry   escapedName: 'paper-dropdown-menu',
12 silly mapToRegistry   name: 'paper-dropdown-menu',
12 silly mapToRegistry   rawSpec: '',
12 silly mapToRegistry   spec: 'latest',
12 silly mapToRegistry   type: 'tag' }
13 silly mapToRegistry uri https://registry.npmjs.org/paper-dropdown-menu
14 verbose request uri https://registry.npmjs.org/paper-dropdown-menu
15 verbose request no auth needed
16 info attempt registry request try #1 at 10:53:57 PM
17 verbose request id 5ff641dbeeccb01b
18 verbose etag W/"56ac318f-1a0"
19 verbose lastModified Sat, 30 Jan 2016 03:44:15 GMT
20 http request GET https://registry.npmjs.org/paper-dropdown-menu
21 http 304 https://registry.npmjs.org/paper-dropdown-menu
22 verbose headers { date: 'Sat, 18 Mar 2017 21:53:57 GMT',
22 verbose headers   via: '1.1 varnish',
22 verbose headers   'cache-control': 'max-age=300',
22 verbose headers   etag: 'W/"56ac318f-1a0"',
22 verbose headers   age: '13',
22 verbose headers   connection: 'keep-alive',
22 verbose headers   'x-served-by': 'cache-mad9434-MAD',
22 verbose headers   'x-cache': 'HIT',
22 verbose headers   'x-cache-hits': '1',
22 verbose headers   'x-timer': 'S1489874037.716938,VS0,VE0',
22 verbose headers   vary: 'Accept-Encoding' }
23 silly get cb [ 304,
23 silly get   { date: 'Sat, 18 Mar 2017 21:53:57 GMT',
23 silly get     via: '1.1 varnish',
23 silly get     'cache-control': 'max-age=300',
23 silly get     etag: 'W/"56ac318f-1a0"',
23 silly get     age: '13',
23 silly get     connection: 'keep-alive',
23 silly get     'x-served-by': 'cache-mad9434-MAD',
23 silly get     'x-cache': 'HIT',
23 silly get     'x-cache-hits': '1',
23 silly get     'x-timer': 'S1489874037.716938,VS0,VE0',
23 silly get     vary: 'Accept-Encoding' } ]
24 verbose etag https://registry.npmjs.org/paper-dropdown-menu from cache
25 verbose get saving paper-dropdown-menu to /Users/luisangelparada/.npm/registry.npmjs.org/paper-dropdown-menu/.cache.json
26 verbose correctMkdir /Users/luisangelparada/.npm correctMkdir not in flight; initializing
27 verbose stack TypeError: Cannot convert undefined or null to object
27 verbose stack     at Function.keys (<anonymous>)
27 verbose stack     at pickVersionFromRegistryDocument (/usr/local/lib/node_modules/npm/lib/fetch-package-metadata.js:126:29)
27 verbose stack     at /usr/local/lib/node_modules/npm/node_modules/iferr/index.js:13:50
27 verbose stack     at /usr/local/lib/node_modules/npm/lib/utils/pulse-till-done.js:20:8
27 verbose stack     at saved (/usr/local/lib/node_modules/npm/lib/cache/caching-client.js:174:7)
27 verbose stack     at /usr/local/lib/node_modules/npm/node_modules/graceful-fs/polyfills.js:261:18
27 verbose stack     at FSReqWrap.oncomplete (fs.js:112:15)
28 verbose cwd /Users/luisangelparada/Documents/BBDD2/build/default
29 error Darwin 16.5.0
30 error argv "/usr/local/bin/node" "/usr/local/bin/npm" "install" "paper-dropdown-menu"
31 error node v7.5.0
32 error npm  v4.1.2
33 error Cannot convert undefined or null to object
34 error If you need help, you may report this error at:
34 error     <https://github.com/npm/npm/issues>
35 verbose exit [ 1, true ]
